#
# There is insufficient memory for the Java Runtime Environment to continue.
# Native memory allocation (malloc) failed to allocate 174063616 bytes for committing reserved memory.
# Possible reasons:
#   The system is out of physical RAM or swap space
#   In 32 bit mode, the process size limit was hit
# Possible solutions:
#   Reduce memory load on the system
#   Increase physical memory or swap space
#   Check if swap backing store is full
#   Use 64 bit Java on a 64 bit OS
#   Decrease Java heap size (-Xmx/-Xms)
#   Decrease number of Java threads
#   Decrease Java thread stack sizes (-Xss)
#   Set larger code cache with -XX:ReservedCodeCacheSize=
# This output file may be truncated or incomplete.
#
#  Out of Memory Error (os_linux.cpp:2798), pid=10135, tid=140513618433792
#
# JRE version: OpenJDK Runtime Environment (7.0_75-b13) (build 1.7.0_75-b13)
# Java VM: OpenJDK 64-Bit Server VM (24.75-b04 mixed mode linux-amd64 compressed oops)
# Derivative: IcedTea 2.5.4
# Distribution: Ubuntu 14.04 LTS, package 7u75-2.5.4-1~trusty1
# Failed to write core dump. Core dumps have been disabled. To enable core dumping, try "ulimit -c unlimited" before starting Java again
#

---------------  T H R E A D  ---------------

Current thread (0x00007fcbdc076000):  VMThread [stack: 0x00007fcbe0401000,0x00007fcbe0502000] [id=10146]

Stack: [0x00007fcbe0401000,0x00007fcbe0502000],  sp=0x00007fcbe0500490,  free space=1021k
Native frames: (J=compiled Java code, j=interpreted, Vv=VM code, C=native code)
V  [libjvm.so+0x94a9d5]  VMError::report_and_die()+0x175
V  [libjvm.so+0x48b954]  report_vm_out_of_memory(char const*, int, unsigned long, char const*)+0x74
V  [libjvm.so+0x7c7b7b]  os::pd_commit_memory(char*, unsigned long, unsigned long, bool)+0xeb
V  [libjvm.so+0x7c263f]  os::commit_memory(char*, unsigned long, unsigned long, bool)+0x1f
V  [libjvm.so+0x834b1b]  PSVirtualSpace::expand_by(unsigned long)+0x5b
V  [libjvm.so+0x835970]  PSYoungGen::resize_generation(unsigned long, unsigned long)+0xb0
V  [libjvm.so+0x83605b]  PSYoungGen::resize(unsigned long, unsigned long)+0x1b
V  [libjvm.so+0x832340]  PSScavenge::invoke_no_policy()+0xde0
V  [libjvm.so+0x832b18]  PSScavenge::invoke()+0x38
V  [libjvm.so+0x7e9203]  ParallelScavengeHeap::failed_mem_allocate(unsigned long)+0x63
V  [libjvm.so+0x94c3d4]  VM_ParallelGCFailedAllocation::doit()+0x84
V  [libjvm.so+0x9508d7]  VM_Operation::evaluate()+0x47
V  [libjvm.so+0x94f248]  VMThread::evaluate_operation(VM_Operation*)+0x318
V  [libjvm.so+0x94f6a9]  VMThread::loop()+0x219
V  [libjvm.so+0x94faf2]  VMThread::run()+0x72
V  [libjvm.so+0x7c4a42]  java_start(Thread*)+0xf2

VM_Operation (0x00007fcbe56aecf0): ParallelGCFailedAllocation, mode: safepoint, requested by thread 0x00007fcbdc00a800


---------------  P R O C E S S  ---------------

Java Threads: ( => current thread )
  0x00007fcbdc0af000 JavaThread "Service Thread" daemon [_thread_blocked, id=10152, stack(0x00007fcbd88e2000,0x00007fcbd89e3000)]
  0x00007fcbdc0ac800 JavaThread "C2 CompilerThread1" daemon [_thread_blocked, id=10151, stack(0x00007fcbd89e3000,0x00007fcbd8ae4000)]
  0x00007fcbdc0a9800 JavaThread "C2 CompilerThread0" daemon [_thread_blocked, id=10150, stack(0x00007fcbd8ae4000,0x00007fcbd8be5000)]
  0x00007fcbdc0a7800 JavaThread "Signal Dispatcher" daemon [_thread_blocked, id=10149, stack(0x00007fcbe00fe000,0x00007fcbe01ff000)]
  0x00007fcbdc07c000 JavaThread "Finalizer" daemon [_thread_blocked, id=10148, stack(0x00007fcbe01ff000,0x00007fcbe0300000)]
  0x00007fcbdc07a000 JavaThread "Reference Handler" daemon [_thread_blocked, id=10147, stack(0x00007fcbe0300000,0x00007fcbe0401000)]
  0x00007fcbdc00a800 JavaThread "main" [_thread_blocked, id=10141, stack(0x00007fcbe55b0000,0x00007fcbe56b1000)]

Other Threads:
=>0x00007fcbdc076000 VMThread [stack: 0x00007fcbe0401000,0x00007fcbe0502000] [id=10146]
  0x00007fcbdc0b9800 WatcherThread [stack: 0x00007fcbd87e1000,0x00007fcbd88e2000] [id=10153]

VM state:at safepoint (normal execution)

VM Mutex/Monitor currently owned by a thread:  ([mutex/lock_event])
[0x00007fcbdc0069d0] Threads_lock - owner thread: 0x00007fcbdc076000
[0x00007fcbdc006ed0] Heap_lock - owner thread: 0x00007fcbdc00a800

Heap
 PSYoungGen      total 132096K, used 5119K [0x00000000eaa80000, 0x00000000f3080000, 0x0000000100000000)
  eden space 126976K, 0% used [0x00000000eaa80000,0x00000000eaa80000,0x00000000f2680000)
  from space 5120K, 99% used [0x00000000f2680000,0x00000000f2b7ff60,0x00000000f2b80000)
  to   space 5120K, 0% used [0x00000000f2b80000,0x00000000f2b80000,0x00000000f3080000)
 ParOldGen       total 83968K, used 57160K [0x00000000c0000000, 0x00000000c5200000, 0x00000000eaa80000)
  object space 83968K, 68% used [0x00000000c0000000,0x00000000c37d22a0,0x00000000c5200000)
 PSPermGen       total 21504K, used 5872K [0x00000000b5a00000, 0x00000000b6f00000, 0x00000000c0000000)
  object space 21504K, 27% used [0x00000000b5a00000,0x00000000b5fbc200,0x00000000b6f00000)

Card table byte_map: [0x00007fcbe1faa000,0x00007fcbe21fe000] byte_map_base: 0x00007fcbe19fd000

Polling page: 0x00007fcbe56db000

Code Cache  [0x00007fcbd9000000, 0x00007fcbd92a0000, 0x00007fcbdc000000)
 total_blobs=856 nmethods=630 adapters=179 free_code_cache=46682Kb largest_free_block=47633600

Compilation events (10 events):
Event: 7,327 Thread 0x00007fcbdc0ac800 nmethod 638 0x00007fcbd92906d0 code [0x00007fcbd92908c0, 0x00007fcbd9291b68]
Event: 7,342 Thread 0x00007fcbdc0a9800  639             com.android.dx.dex.code.RopTranslator$LocalVariableAwareTranslationVisitor::visitPlainCstInsn (11 bytes)
Event: 7,357 Thread 0x00007fcbdc0a9800 nmethod 639 0x00007fcbd927f0d0 code [0x00007fcbd927f300, 0x00007fcbd927f9d0]
Event: 7,359 Thread 0x00007fcbdc0ac800  640             com.android.dx.ssa.RegisterMapper::<init> (5 bytes)
Event: 7,359 Thread 0x00007fcbdc0ac800 nmethod 640 0x00007fcbd9062a50 code [0x00007fcbd9062b80, 0x00007fcbd9062bd8]
Event: 7,414 Thread 0x00007fcbdc0a9800  641             java.util.HashMap::initHashSeedAsNeeded (61 bytes)
Event: 7,415 Thread 0x00007fcbdc0a9800 nmethod 641 0x00007fcbd9099b50 code [0x00007fcbd9099ca0, 0x00007fcbd9099d68]
Event: 7,423 Thread 0x00007fcbdc0ac800  642             java.lang.Integer::highestOneBit (38 bytes)
Event: 7,423 Thread 0x00007fcbdc0ac800 nmethod 642 0x00007fcbd9280b50 code [0x00007fcbd9280c80, 0x00007fcbd9280cf8]
Event: 7,427 Thread 0x00007fcbdc0a9800  643             java.util.Collections$UnmodifiableCollection::iterator (9 bytes)

GC Heap History (9 events):
Event: 3,436 GC heap before
{Heap before GC invocations=1 (full 0):
 PSYoungGen      total 36864K, used 31744K [0x00000000eaa80000, 0x00000000ed380000, 0x0000000100000000)
  eden space 31744K, 100% used [0x00000000eaa80000,0x00000000ec980000,0x00000000ec980000)
  from space 5120K, 0% used [0x00000000ece80000,0x00000000ece80000,0x00000000ed380000)
  to   space 5120K, 0% used [0x00000000ec980000,0x00000000ec980000,0x00000000ece80000)
 ParOldGen       total 83968K, used 0K [0x00000000c0000000, 0x00000000c5200000, 0x00000000eaa80000)
  object space 83968K, 0% used [0x00000000c0000000,0x00000000c0000000,0x00000000c5200000)
 PSPermGen       total 21504K, used 5688K [0x00000000b5a00000, 0x00000000b6f00000, 0x00000000c0000000)
  object space 21504K, 26% used [0x00000000b5a00000,0x00000000b5f8e228,0x00000000b6f00000)
Event: 3,638 GC heap after
Heap after GC invocations=1 (full 0):
 PSYoungGen      total 36864K, used 5095K [0x00000000eaa80000, 0x00000000ef280000, 0x0000000100000000)
  eden space 31744K, 0% used [0x00000000eaa80000,0x00000000eaa80000,0x00000000ec980000)
  from space 5120K, 99% used [0x00000000ec980000,0x00000000ece79c78,0x00000000ece80000)
  to   space 5120K, 0% used [0x00000000eed80000,0x00000000eed80000,0x00000000ef280000)
 ParOldGen       total 83968K, used 1759K [0x00000000c0000000, 0x00000000c5200000, 0x00000000eaa80000)
  object space 83968K, 2% used [0x00000000c0000000,0x00000000c01b7e40,0x00000000c5200000)
 PSPermGen       total 21504K, used 5688K [0x00000000b5a00000, 0x00000000b6f00000, 0x00000000c0000000)
  object space 21504K, 26% used [0x00000000b5a00000,0x00000000b5f8e228,0x00000000b6f00000)
}
Event: 4,060 GC heap before
{Heap before GC invocations=2 (full 0):
 PSYoungGen      total 36864K, used 36839K [0x00000000eaa80000, 0x00000000ef280000, 0x0000000100000000)
  eden space 31744K, 100% used [0x00000000eaa80000,0x00000000ec980000,0x00000000ec980000)
  from space 5120K, 99% used [0x00000000ec980000,0x00000000ece79c78,0x00000000ece80000)
  to   space 5120K, 0% used [0x00000000eed80000,0x00000000eed80000,0x00000000ef280000)
 ParOldGen       total 83968K, used 1759K [0x00000000c0000000, 0x00000000c5200000, 0x00000000eaa80000)
  object space 83968K, 2% used [0x00000000c0000000,0x00000000c01b7e40,0x00000000c5200000)
 PSPermGen       total 21504K, used 5720K [0x00000000b5a00000, 0x00000000b6f00000, 0x00000000c0000000)
  object space 21504K, 26% used [0x00000000b5a00000,0x00000000b5f96218,0x00000000b6f00000)
Event: 4,105 GC heap after
Heap after GC invocations=2 (full 0):
 PSYoungGen      total 68608K, used 5104K [0x00000000eaa80000, 0x00000000ef280000, 0x0000000100000000)
  eden space 63488K, 0% used [0x00000000eaa80000,0x00000000eaa80000,0x00000000ee880000)
  from space 5120K, 99% used [0x00000000eed80000,0x00000000ef27c1a8,0x00000000ef280000)
  to   space 5120K, 0% used [0x00000000ee880000,0x00000000ee880000,0x00000000eed80000)
 ParOldGen       total 83968K, used 15596K [0x00000000c0000000, 0x00000000c5200000, 0x00000000eaa80000)
  object space 83968K, 18% used [0x00000000c0000000,0x00000000c0f3b2e8,0x00000000c5200000)
 PSPermGen       total 21504K, used 5720K [0x00000000b5a00000, 0x00000000b6f00000, 0x00000000c0000000)
  object space 21504K, 26% used [0x00000000b5a00000,0x00000000b5f96218,0x00000000b6f00000)
}
Event: 5,163 GC heap before
{Heap before GC invocations=3 (full 0):
 PSYoungGen      total 68608K, used 68592K [0x00000000eaa80000, 0x00000000ef280000, 0x0000000100000000)
  eden space 63488K, 100% used [0x00000000eaa80000,0x00000000ee880000,0x00000000ee880000)
  from space 5120K, 99% used [0x00000000eed80000,0x00000000ef27c1a8,0x00000000ef280000)
  to   space 5120K, 0% used [0x00000000ee880000,0x00000000ee880000,0x00000000eed80000)
 ParOldGen       total 83968K, used 15596K [0x00000000c0000000, 0x00000000c5200000, 0x00000000eaa80000)
  object space 83968K, 18% used [0x00000000c0000000,0x00000000c0f3b2e8,0x00000000c5200000)
 PSPermGen       total 21504K, used 5795K [0x00000000b5a00000, 0x00000000b6f00000, 0x00000000c0000000)
  object space 21504K, 26% used [0x00000000b5a00000,0x00000000b5fa8f20,0x00000000b6f00000)
Event: 5,205 GC heap after
Heap after GC invocations=3 (full 0):
 PSYoungGen      total 68608K, used 5113K [0x00000000eaa80000, 0x00000000f3080000, 0x0000000100000000)
  eden space 63488K, 0% used [0x00000000eaa80000,0x00000000eaa80000,0x00000000ee880000)
  from space 5120K, 99% used [0x00000000ee880000,0x00000000eed7e610,0x00000000eed80000)
  to   space 5120K, 0% used [0x00000000f2b80000,0x00000000f2b80000,0x00000000f3080000)
 ParOldGen       total 83968K, used 29107K [0x00000000c0000000, 0x00000000c5200000, 0x00000000eaa80000)
  object space 83968K, 34% used [0x00000000c0000000,0x00000000c1c6cc78,0x00000000c5200000)
 PSPermGen       total 21504K, used 5795K [0x00000000b5a00000, 0x00000000b6f00000, 0x00000000c0000000)
  object space 21504K, 26% used [0x00000000b5a00000,0x00000000b5fa8f20,0x00000000b6f00000)
}
Event: 5,901 GC heap before
{Heap before GC invocations=4 (full 0):
 PSYoungGen      total 68608K, used 68601K [0x00000000eaa80000, 0x00000000f3080000, 0x0000000100000000)
  eden space 63488K, 100% used [0x00000000eaa80000,0x00000000ee880000,0x00000000ee880000)
  from space 5120K, 99% used [0x00000000ee880000,0x00000000eed7e610,0x00000000eed80000)
  to   space 5120K, 0% used [0x00000000f2b80000,0x00000000f2b80000,0x00000000f3080000)
 ParOldGen       total 83968K, used 29107K [0x00000000c0000000, 0x00000000c5200000, 0x00000000eaa80000)
  object space 83968K, 34% used [0x00000000c0000000,0x00000000c1c6cc78,0x00000000c5200000)
 PSPermGen       total 21504K, used 5836K [0x00000000b5a00000, 0x00000000b6f00000, 0x00000000c0000000)
  object space 21504K, 27% used [0x00000000b5a00000,0x00000000b5fb3148,0x00000000b6f00000)
Event: 5,937 GC heap after
Heap after GC invocations=4 (full 0):
 PSYoungGen      total 132096K, used 5113K [0x00000000eaa80000, 0x00000000f3080000, 0x0000000100000000)
  eden space 126976K, 0% used [0x00000000eaa80000,0x00000000eaa80000,0x00000000f2680000)
  from space 5120K, 99% used [0x00000000f2b80000,0x00000000f307e610,0x00000000f3080000)
  to   space 5120K, 0% used [0x00000000f2680000,0x00000000f2680000,0x00000000f2b80000)
 ParOldGen       total 83968K, used 39462K [0x00000000c0000000, 0x00000000c5200000, 0x00000000eaa80000)
  object space 83968K, 46% used [0x00000000c0000000,0x00000000c2689950,0x00000000c5200000)
 PSPermGen       total 21504K, used 5836K [0x00000000b5a00000, 0x00000000b6f00000, 0x00000000c0000000)
  object space 21504K, 27% used [0x00000000b5a00000,0x00000000b5fb3148,0x00000000b6f00000)
}
Event: 7,428 GC heap before
{Heap before GC invocations=5 (full 0):
 PSYoungGen      total 132096K, used 132089K [0x00000000eaa80000, 0x00000000f3080000, 0x0000000100000000)
  eden space 126976K, 100% used [0x00000000eaa80000,0x00000000f2680000,0x00000000f2680000)
  from space 5120K, 99% used [0x00000000f2b80000,0x00000000f307e610,0x00000000f3080000)
  to   space 5120K, 0% used [0x00000000f2680000,0x00000000f2680000,0x00000000f2b80000)
 ParOldGen       total 83968K, used 39462K [0x00000000c0000000, 0x00000000c5200000, 0x00000000eaa80000)
  object space 83968K, 46% used [0x00000000c0000000,0x00000000c2689950,0x00000000c5200000)
 PSPermGen       total 21504K, used 5872K [0x00000000b5a00000, 0x00000000b6f00000, 0x00000000c0000000)
  object space 21504K, 27% used [0x00000000b5a00000,0x00000000b5fbc200,0x00000000b6f00000)

Deoptimization events (10 events):
Event: 5,120 Thread 0x00007fcbdc00a800 Uncommon trap: reason=class_check action=maybe_recompile pc=0x00007fcbd912b758 method=java.util.Collections$UnmodifiableCollection$1.<init>(Ljava/util/Collections$UnmodifiableCollection;)V @ 17
Event: 5,219 Thread 0x00007fcbdc00a800 Uncommon trap: reason=class_check action=maybe_recompile pc=0x00007fcbd91add84 method=com.android.dx.rop.cst.CstLiteral32.equals(Ljava/lang/Object;)Z @ 20
Event: 5,220 Thread 0x00007fcbdc00a800 Uncommon trap: reason=class_check action=maybe_recompile pc=0x00007fcbd91add84 method=com.android.dx.rop.cst.CstLiteral32.equals(Ljava/lang/Object;)Z @ 20
Event: 5,220 Thread 0x00007fcbdc00a800 Uncommon trap: reason=class_check action=maybe_recompile pc=0x00007fcbd91add84 method=com.android.dx.rop.cst.CstLiteral32.equals(Ljava/lang/Object;)Z @ 20
Event: 5,220 Thread 0x00007fcbdc00a800 Uncommon trap: reason=class_check action=maybe_recompile pc=0x00007fcbd91add84 method=com.android.dx.rop.cst.CstLiteral32.equals(Ljava/lang/Object;)Z @ 20
Event: 5,564 Thread 0x00007fcbdc00a800 Uncommon trap: reason=null_check action=make_not_entrant pc=0x00007fcbd91fd324 method=com.android.dx.cf.code.Ropper$CatchInfo.getSetup(Lcom/android/dx/rop/type/Type;)Lcom/android/dx/cf/code/Ropper$ExceptionHandlerSetup; @ 10
Event: 6,139 Thread 0x00007fcbdc00a800 Uncommon trap: reason=class_check action=maybe_recompile pc=0x00007fcbd91e2af8 method=com.android.dx.cf.code.RopperMachine.run(Lcom/android/dx/cf/code/Frame;II)V @ 310
Event: 6,139 Thread 0x00007fcbdc00a800 Uncommon trap: reason=class_check action=maybe_recompile pc=0x00007fcbd91e2af8 method=com.android.dx.cf.code.RopperMachine.run(Lcom/android/dx/cf/code/Frame;II)V @ 310
Event: 6,139 Thread 0x00007fcbdc00a800 Uncommon trap: reason=class_check action=maybe_recompile pc=0x00007fcbd91e2af8 method=com.android.dx.cf.code.RopperMachine.run(Lcom/android/dx/cf/code/Frame;II)V @ 310
Event: 6,193 Thread 0x00007fcbdc00a800 Uncommon trap: reason=predicate action=maybe_recompile pc=0x00007fcbd9258aa0 method=java.util.TreeMap.getEntry(Ljava/lang/Object;)Ljava/util/TreeMap$Entry; @ 39

Internal exceptions (10 events):
Event: 3,914 Thread 0x00007fcbdc00a800 Threw 0x00000000ec329760 at /build/buildd/openjdk-7-7u75-2.5.4/build/openjdk/hotspot/src/share/vm/prims/jvm.cpp:1284
Event: 3,919 Thread 0x00007fcbdc00a800 Threw 0x00000000ec3978a0 at /build/buildd/openjdk-7-7u75-2.5.4/build/openjdk/hotspot/src/share/vm/prims/jvm.cpp:1284
Event: 3,929 Thread 0x00007fcbdc00a800 Threw 0x00000000ec4bc630 at /build/buildd/openjdk-7-7u75-2.5.4/build/openjdk/hotspot/src/share/vm/prims/jvm.cpp:1284
Event: 4,461 Thread 0x00007fcbdc00a800 Implicit null exception at 0x00007fcbd910bc43 to 0x00007fcbd910c399
Event: 4,497 Thread 0x00007fcbdc00a800 Threw 0x00000000eb960680 at /build/buildd/openjdk-7-7u75-2.5.4/build/openjdk/hotspot/src/share/vm/prims/jvm.cpp:1284
Event: 4,662 Thread 0x00007fcbdc00a800 Implicit null exception at 0x00007fcbd9099bd2 to 0x00007fcbd9099cc3
Event: 4,835 Thread 0x00007fcbdc00a800 Implicit null exception at 0x00007fcbd91a0e30 to 0x00007fcbd91a19c5
Event: 5,498 Thread 0x00007fcbdc00a800 Threw 0x00000000ec2035e8 at /build/buildd/openjdk-7-7u75-2.5.4/build/openjdk/hotspot/src/share/vm/prims/jvm.cpp:1284
Event: 5,564 Thread 0x00007fcbdc00a800 Implicit null exception at 0x00007fcbd91f9cad to 0x00007fcbd91fd2f9
Event: 5,593 Thread 0x00007fcbdc00a800 Threw 0x00000000ec7c97b0 at /build/buildd/openjdk-7-7u75-2.5.4/build/openjdk/hotspot/src/share/vm/prims/jvm.cpp:1284

Events (10 events):
Event: 6,193 Thread 0x00007fcbdc00a800 DEOPT PACKING pc=0x00007fcbd9258aa0 sp=0x00007fcbe56af070
Event: 6,193 Thread 0x00007fcbdc00a800 DEOPT UNPACKING pc=0x00007fcbd9039445 sp=0x00007fcbe56aefd0 mode 2
Event: 7,054 Thread 0x00007fcbdc0a9800 flushing nmethod 0x00007fcbd9062950
Event: 7,358 Thread 0x00007fcbdc0a9800 flushing nmethod 0x00007fcbd9099a50
Event: 7,423 Thread 0x00007fcbdc0ac800 flushing nmethod 0x00007fcbd90f72d0
Event: 7,423 Thread 0x00007fcbdc0ac800 flushing nmethod 0x00007fcbd9100150
Event: 7,423 Thread 0x00007fcbdc0ac800 flushing nmethod 0x00007fcbd910b550
Event: 7,423 Thread 0x00007fcbdc0ac800 flushing nmethod 0x00007fcbd910f350
Event: 7,423 Thread 0x00007fcbdc0ac800 flushing nmethod 0x00007fcbd9113050
Event: 7,428 Executing VM operation: ParallelGCFailedAllocation


Dynamic libraries:
00400000-00401000 r-xp 00000000 08:05 2522987                            /usr/lib/jvm/java-7-openjdk-amd64/jre/bin/java
00600000-00601000 r--p 00000000 08:05 2522987                            /usr/lib/jvm/java-7-openjdk-amd64/jre/bin/java
00601000-00602000 rw-p 00001000 08:05 2522987                            /usr/lib/jvm/java-7-openjdk-amd64/jre/bin/java
006ab000-006cc000 rw-p 00000000 00:00 0                                  [heap]
b5a00000-b6f00000 rw-p 00000000 00:00 0 
b6f00000-c0000000 rw-p 00000000 00:00 0 
c0000000-c5200000 rw-p 00000000 00:00 0 
c5200000-eaa80000 rw-p 00000000 00:00 0 
eaa80000-f3080000 rw-p 00000000 00:00 0 
fd680000-100000000 rw-p 00000000 00:00 0 
7fcba4000000-7fcba4021000 rw-p 00000000 00:00 0 
7fcba4021000-7fcba8000000 ---p 00000000 00:00 0 
7fcba8000000-7fcba8021000 rw-p 00000000 00:00 0 
7fcba8021000-7fcbac000000 ---p 00000000 00:00 0 
7fcbac000000-7fcbacfc0000 rw-p 00000000 00:00 0 
7fcbacfc0000-7fcbb0000000 ---p 00000000 00:00 0 
7fcbb0000000-7fcbb1111000 rw-p 00000000 00:00 0 
7fcbb1111000-7fcbb4000000 ---p 00000000 00:00 0 
7fcbb4000000-7fcbb4021000 rw-p 00000000 00:00 0 
7fcbb4021000-7fcbb8000000 ---p 00000000 00:00 0 
7fcbb8000000-7fcbb8021000 rw-p 00000000 00:00 0 
7fcbb8021000-7fcbbc000000 ---p 00000000 00:00 0 
7fcbbc000000-7fcbbc241000 rw-p 00000000 00:00 0 
7fcbbc241000-7fcbc0000000 ---p 00000000 00:00 0 
7fcbc0000000-7fcbc0021000 rw-p 00000000 00:00 0 
7fcbc0021000-7fcbc4000000 ---p 00000000 00:00 0 
7fcbc4000000-7fcbc4021000 rw-p 00000000 00:00 0 
7fcbc4021000-7fcbc8000000 ---p 00000000 00:00 0 
7fcbc8000000-7fcbc8021000 rw-p 00000000 00:00 0 
7fcbc8021000-7fcbcc000000 ---p 00000000 00:00 0 
7fcbcc000000-7fcbcc021000 rw-p 00000000 00:00 0 
7fcbcc021000-7fcbd0000000 ---p 00000000 00:00 0 
7fcbd0aef000-7fcbd0b2c000 r-xp 00000000 08:05 397419                     /lib/x86_64-linux-gnu/libpcre.so.3.13.1
7fcbd0b2c000-7fcbd0d2b000 ---p 0003d000 08:05 397419                     /lib/x86_64-linux-gnu/libpcre.so.3.13.1
7fcbd0d2b000-7fcbd0d2c000 r--p 0003c000 08:05 397419                     /lib/x86_64-linux-gnu/libpcre.so.3.13.1
7fcbd0d2c000-7fcbd0d2d000 rw-p 0003d000 08:05 397419                     /lib/x86_64-linux-gnu/libpcre.so.3.13.1
7fcbd0d2d000-7fcbd0d34000 r-xp 00000000 08:05 2499948                    /usr/lib/x86_64-linux-gnu/libffi.so.6.0.1
7fcbd0d34000-7fcbd0f33000 ---p 00007000 08:05 2499948                    /usr/lib/x86_64-linux-gnu/libffi.so.6.0.1
7fcbd0f33000-7fcbd0f34000 r--p 00006000 08:05 2499948                    /usr/lib/x86_64-linux-gnu/libffi.so.6.0.1
7fcbd0f34000-7fcbd0f35000 rw-p 00007000 08:05 2499948                    /usr/lib/x86_64-linux-gnu/libffi.so.6.0.1
7fcbd0f35000-7fcbd0f4c000 r-xp 00000000 08:05 396821                     /lib/x86_64-linux-gnu/libresolv-2.19.so
7fcbd0f4c000-7fcbd114c000 ---p 00017000 08:05 396821                     /lib/x86_64-linux-gnu/libresolv-2.19.so
7fcbd114c000-7fcbd114d000 r--p 00017000 08:05 396821                     /lib/x86_64-linux-gnu/libresolv-2.19.so
7fcbd114d000-7fcbd114e000 rw-p 00018000 08:05 396821                     /lib/x86_64-linux-gnu/libresolv-2.19.so
7fcbd114e000-7fcbd1150000 rw-p 00000000 00:00 0 
7fcbd1150000-7fcbd1170000 r-xp 00000000 08:05 397355                     /lib/x86_64-linux-gnu/libselinux.so.1
7fcbd1170000-7fcbd136f000 ---p 00020000 08:05 397355                     /lib/x86_64-linux-gnu/libselinux.so.1
7fcbd136f000-7fcbd1370000 r--p 0001f000 08:05 397355                     /lib/x86_64-linux-gnu/libselinux.so.1
7fcbd1370000-7fcbd1371000 rw-p 00020000 08:05 397355                     /lib/x86_64-linux-gnu/libselinux.so.1
7fcbd1371000-7fcbd1373000 rw-p 00000000 00:00 0 
7fcbd1373000-7fcbd1376000 r-xp 00000000 08:05 2490751                    /usr/lib/x86_64-linux-gnu/libgmodule-2.0.so.0.4002.0
7fcbd1376000-7fcbd1575000 ---p 00003000 08:05 2490751                    /usr/lib/x86_64-linux-gnu/libgmodule-2.0.so.0.4002.0
7fcbd1575000-7fcbd1576000 r--p 00002000 08:05 2490751                    /usr/lib/x86_64-linux-gnu/libgmodule-2.0.so.0.4002.0
7fcbd1576000-7fcbd1577000 rw-p 00003000 08:05 2490751                    /usr/lib/x86_64-linux-gnu/libgmodule-2.0.so.0.4002.0
7fcbd1577000-7fcbd167d000 r-xp 00000000 08:05 397991                     /lib/x86_64-linux-gnu/libglib-2.0.so.0.4002.0
7fcbd167d000-7fcbd187c000 ---p 00106000 08:05 397991                     /lib/x86_64-linux-gnu/libglib-2.0.so.0.4002.0
7fcbd187c000-7fcbd187d000 r--p 00105000 08:05 397991                     /lib/x86_64-linux-gnu/libglib-2.0.so.0.4002.0
7fcbd187d000-7fcbd187e000 rw-p 00106000 08:05 397991                     /lib/x86_64-linux-gnu/libglib-2.0.so.0.4002.0
7fcbd187e000-7fcbd187f000 rw-p 00000000 00:00 0 
7fcbd187f000-7fcbd18ce000 r-xp 00000000 08:05 2490770                    /usr/lib/x86_64-linux-gnu/libgobject-2.0.so.0.4002.0
7fcbd18ce000-7fcbd1ace000 ---p 0004f000 08:05 2490770                    /usr/lib/x86_64-linux-gnu/libgobject-2.0.so.0.4002.0
7fcbd1ace000-7fcbd1acf000 r--p 0004f000 08:05 2490770                    /usr/lib/x86_64-linux-gnu/libgobject-2.0.so.0.4002.0
7fcbd1acf000-7fcbd1ad0000 rw-p 00050000 08:05 2490770                    /usr/lib/x86_64-linux-gnu/libgobject-2.0.so.0.4002.0
7fcbd1ad0000-7fcbd4000000 rw-p 00000000 00:00 0 
7fcbd4000000-7fcbd4021000 rw-p 00000000 00:00 0 
7fcbd4021000-7fcbd8000000 ---p 00000000 00:00 0 
7fcbd8044000-7fcbd81b0000 r-xp 00000000 08:05 2490773                    /usr/lib/x86_64-linux-gnu/libgio-2.0.so.0.4002.0
7fcbd81b0000-7fcbd83af000 ---p 0016c000 08:05 2490773                    /usr/lib/x86_64-linux-gnu/libgio-2.0.so.0.4002.0
7fcbd83af000-7fcbd83b3000 r--p 0016b000 08:05 2490773                    /usr/lib/x86_64-linux-gnu/libgio-2.0.so.0.4002.0
7fcbd83b3000-7fcbd83b5000 rw-p 0016f000 08:05 2490773                    /usr/lib/x86_64-linux-gnu/libgio-2.0.so.0.4002.0
7fcbd83b5000-7fcbd83b7000 rw-p 00000000 00:00 0 
7fcbd83b7000-7fcbd83ce000 r-xp 00000000 08:05 2522960                    /usr/lib/jvm/java-7-openjdk-amd64/jre/lib/amd64/libnet.so
7fcbd83ce000-7fcbd85cd000 ---p 00017000 08:05 2522960                    /usr/lib/jvm/java-7-openjdk-amd64/jre/lib/amd64/libnet.so
7fcbd85cd000-7fcbd85ce000 r--p 00016000 08:05 2522960                    /usr/lib/jvm/java-7-openjdk-amd64/jre/lib/amd64/libnet.so
7fcbd85ce000-7fcbd85cf000 rw-p 00017000 08:05 2522960                    /usr/lib/jvm/java-7-openjdk-amd64/jre/lib/amd64/libnet.so
7fcbd85cf000-7fcbd85df000 r-xp 00000000 08:05 2522948                    /usr/lib/jvm/java-7-openjdk-amd64/jre/lib/amd64/libnio.so
7fcbd85df000-7fcbd87df000 ---p 00010000 08:05 2522948                    /usr/lib/jvm/java-7-openjdk-amd64/jre/lib/amd64/libnio.so
7fcbd87df000-7fcbd87e0000 r--p 00010000 08:05 2522948                    /usr/lib/jvm/java-7-openjdk-amd64/jre/lib/amd64/libnio.so
7fcbd87e0000-7fcbd87e1000 rw-p 00011000 08:05 2522948                    /usr/lib/jvm/java-7-openjdk-amd64/jre/lib/amd64/libnio.so
7fcbd87e1000-7fcbd87e2000 ---p 00000000 00:00 0 
7fcbd87e2000-7fcbd88e2000 rw-p 00000000 00:00 0                          [stack:10153]
7fcbd88e2000-7fcbd88e5000 ---p 00000000 00:00 0 
7fcbd88e5000-7fcbd89e3000 rw-p 00000000 00:00 0                          [stack:10152]
7fcbd89e3000-7fcbd89e6000 ---p 00000000 00:00 0 
7fcbd89e6000-7fcbd8ae4000 rw-p 00000000 00:00 0                          [stack:10151]
7fcbd8ae4000-7fcbd8ae7000 ---p 00000000 00:00 0 
7fcbd8ae7000-7fcbd8be5000 rw-p 00000000 00:00 0                          [stack:10150]
7fcbd8be5000-7fcbd9000000 r--p 00000000 08:05 2498324                    /usr/lib/locale/locale-archive
7fcbd9000000-7fcbd92a0000 rwxp 00000000 00:00 0 
7fcbd92a0000-7fcbdc1f8000 rw-p 00000000 00:00 0 
7fcbdc1f8000-7fcbe0000000 ---p 00000000 00:00 0 
7fcbe0087000-7fcbe00b8000 rw-p 00000000 00:00 0 
7fcbe00de000-7fcbe00ef000 r--s 000bc000 08:05 1736476                    /home/pc/AndroidStudioProjects/ViVideoDownloader/app/build/intermediates/classes-proguard/release/classes.jar
7fcbe00ef000-7fcbe00fe000 r--s 000dd000 08:05 406920                     /home/pc/Android/Sdk/build-tools/21.1.2/lib/dx.jar
7fcbe00fe000-7fcbe0101000 ---p 00000000 00:00 0 
7fcbe0101000-7fcbe01ff000 rw-p 00000000 00:00 0                          [stack:10149]
7fcbe01ff000-7fcbe0202000 ---p 00000000 00:00 0 
7fcbe0202000-7fcbe0300000 rw-p 00000000 00:00 0                          [stack:10148]
7fcbe0300000-7fcbe0303000 ---p 00000000 00:00 0 
7fcbe0303000-7fcbe0401000 rw-p 00000000 00:00 0                          [stack:10147]
7fcbe0401000-7fcbe0402000 ---p 00000000 00:00 0 
7fcbe0402000-7fcbe14ff000 rw-p 00000000 00:00 0                          [stack:10146]
7fcbe14ff000-7fcbe16b1000 r--s 01d23000 08:05 2521189                    /usr/lib/jvm/java-7-openjdk-amd64/jre/lib/rt.jar
7fcbe16b1000-7fcbe19fd000 rw-p 00000000 00:00 0 
7fcbe19fd000-7fcbe19fe000 ---p 00000000 00:00 0 
7fcbe19fe000-7fcbe1afe000 rw-p 00000000 00:00 0                          [stack:10145]
7fcbe1afe000-7fcbe1aff000 ---p 00000000 00:00 0 
7fcbe1aff000-7fcbe1bff000 rw-p 00000000 00:00 0                          [stack:10144]
7fcbe1bff000-7fcbe1c00000 ---p 00000000 00:00 0 
7fcbe1c00000-7fcbe1d00000 rw-p 00000000 00:00 0                          [stack:10143]
7fcbe1d00000-7fcbe1d01000 ---p 00000000 00:00 0 
7fcbe1d01000-7fcbe1e0c000 rw-p 00000000 00:00 0                          [stack:10142]
7fcbe1e0c000-7fcbe1e54000 rw-p 00000000 00:00 0 
7fcbe1e54000-7fcbe1e7d000 rw-p 00000000 00:00 0 
7fcbe1e7d000-7fcbe1faa000 rw-p 00000000 00:00 0 
7fcbe1faa000-7fcbe1fb5000 rw-p 00000000 00:00 0 
7fcbe1fb5000-7fcbe1ffd000 rw-p 00000000 00:00 0 
7fcbe1ffd000-7fcbe2026000 rw-p 00000000 00:00 0 
7fcbe2026000-7fcbe2152000 rw-p 00000000 00:00 0 
7fcbe2152000-7fcbe2196000 rw-p 00000000 00:00 0 
7fcbe2196000-7fcbe21fd000 rw-p 00000000 00:00 0 
7fcbe21fd000-7fcbe21fe000 rw-p 00000000 00:00 0 
7fcbe21fe000-7fcbe2206000 r-xp 00000000 08:05 2522984                    /usr/lib/jvm/java-7-openjdk-amd64/jre/lib/amd64/libzip.so
7fcbe2206000-7fcbe2405000 ---p 00008000 08:05 2522984                    /usr/lib/jvm/java-7-openjdk-amd64/jre/lib/amd64/libzip.so
7fcbe2405000-7fcbe2406000 r--p 00007000 08:05 2522984                    /usr/lib/jvm/java-7-openjdk-amd64/jre/lib/amd64/libzip.so
7fcbe2406000-7fcbe2407000 rw-p 00008000 08:05 2522984                    /usr/lib/jvm/java-7-openjdk-amd64/jre/lib/amd64/libzip.so
7fcbe2407000-7fcbe2412000 r-xp 00000000 08:05 396845                     /lib/x86_64-linux-gnu/libnss_files-2.19.so
7fcbe2412000-7fcbe2611000 ---p 0000b000 08:05 396845                     /lib/x86_64-linux-gnu/libnss_files-2.19.so
7fcbe2611000-7fcbe2612000 r--p 0000a000 08:05 396845                     /lib/x86_64-linux-gnu/libnss_files-2.19.so
7fcbe2612000-7fcbe2613000 rw-p 0000b000 08:05 396845                     /lib/x86_64-linux-gnu/libnss_files-2.19.so
7fcbe2613000-7fcbe261e000 r-xp 00000000 08:05 396909                     /lib/x86_64-linux-gnu/libnss_nis-2.19.so
7fcbe261e000-7fcbe281d000 ---p 0000b000 08:05 396909                     /lib/x86_64-linux-gnu/libnss_nis-2.19.so
7fcbe281d000-7fcbe281e000 r--p 0000a000 08:05 396909                     /lib/x86_64-linux-gnu/libnss_nis-2.19.so
7fcbe281e000-7fcbe281f000 rw-p 0000b000 08:05 396909                     /lib/x86_64-linux-gnu/libnss_nis-2.19.so
7fcbe281f000-7fcbe2836000 r-xp 00000000 08:05 396879                     /lib/x86_64-linux-gnu/libnsl-2.19.so
7fcbe2836000-7fcbe2a35000 ---p 00017000 08:05 396879                     /lib/x86_64-linux-gnu/libnsl-2.19.so
7fcbe2a35000-7fcbe2a36000 r--p 00016000 08:05 396879                     /lib/x86_64-linux-gnu/libnsl-2.19.so
7fcbe2a36000-7fcbe2a37000 rw-p 00017000 08:05 396879                     /lib/x86_64-linux-gnu/libnsl-2.19.so
7fcbe2a37000-7fcbe2a39000 rw-p 00000000 00:00 0 
7fcbe2a39000-7fcbe2a42000 r-xp 00000000 08:05 396877                     /lib/x86_64-linux-gnu/libnss_compat-2.19.so
7fcbe2a42000-7fcbe2c41000 ---p 00009000 08:05 396877                     /lib/x86_64-linux-gnu/libnss_compat-2.19.so
7fcbe2c41000-7fcbe2c42000 r--p 00008000 08:05 396877                     /lib/x86_64-linux-gnu/libnss_compat-2.19.so
7fcbe2c42000-7fcbe2c43000 rw-p 00009000 08:05 396877                     /lib/x86_64-linux-gnu/libnss_compat-2.19.so
7fcbe2c43000-7fcbe2c6e000 r-xp 00000000 08:05 2522969                    /usr/lib/jvm/java-7-openjdk-amd64/jre/lib/amd64/libjava.so
7fcbe2c6e000-7fcbe2e6e000 ---p 0002b000 08:05 2522969                    /usr/lib/jvm/java-7-openjdk-amd64/jre/lib/amd64/libjava.so
7fcbe2e6e000-7fcbe2e6f000 r--p 0002b000 08:05 2522969                    /usr/lib/jvm/java-7-openjdk-amd64/jre/lib/amd64/libjava.so
7fcbe2e6f000-7fcbe2e71000 rw-p 0002c000 08:05 2522969                    /usr/lib/jvm/java-7-openjdk-amd64/jre/lib/amd64/libjava.so
7fcbe2e71000-7fcbe2e81000 r-xp 00000000 08:05 2522968                    /usr/lib/jvm/java-7-openjdk-amd64/jre/lib/amd64/libverify.so
7fcbe2e81000-7fcbe3080000 ---p 00010000 08:05 2522968                    /usr/lib/jvm/java-7-openjdk-amd64/jre/lib/amd64/libverify.so
7fcbe3080000-7fcbe3082000 r--p 0000f000 08:05 2522968                    /usr/lib/jvm/java-7-openjdk-amd64/jre/lib/amd64/libverify.so
7fcbe3082000-7fcbe3083000 rw-p 00011000 08:05 2522968                    /usr/lib/jvm/java-7-openjdk-amd64/jre/lib/amd64/libverify.so
7fcbe3083000-7fcbe308a000 r-xp 00000000 08:05 396903                     /lib/x86_64-linux-gnu/librt-2.19.so
7fcbe308a000-7fcbe3289000 ---p 00007000 08:05 396903                     /lib/x86_64-linux-gnu/librt-2.19.so
7fcbe3289000-7fcbe328a000 r--p 00006000 08:05 396903                     /lib/x86_64-linux-gnu/librt-2.19.so
7fcbe328a000-7fcbe328b000 rw-p 00007000 08:05 396903                     /lib/x86_64-linux-gnu/librt-2.19.so
7fcbe328b000-7fcbe32a1000 r-xp 00000000 08:05 397291                     /lib/x86_64-linux-gnu/libgcc_s.so.1
7fcbe32a1000-7fcbe34a0000 ---p 00016000 08:05 397291                     /lib/x86_64-linux-gnu/libgcc_s.so.1
7fcbe34a0000-7fcbe34a1000 rw-p 00015000 08:05 397291                     /lib/x86_64-linux-gnu/libgcc_s.so.1
7fcbe34a1000-7fcbe35a6000 r-xp 00000000 08:05 396843                     /lib/x86_64-linux-gnu/libm-2.19.so
7fcbe35a6000-7fcbe37a5000 ---p 00105000 08:05 396843                     /lib/x86_64-linux-gnu/libm-2.19.so
7fcbe37a5000-7fcbe37a6000 r--p 00104000 08:05 396843                     /lib/x86_64-linux-gnu/libm-2.19.so
7fcbe37a6000-7fcbe37a7000 rw-p 00105000 08:05 396843                     /lib/x86_64-linux-gnu/libm-2.19.so
7fcbe37a7000-7fcbe388d000 r-xp 00000000 08:05 2500491                    /usr/lib/x86_64-linux-gnu/libstdc++.so.6.0.19
7fcbe388d000-7fcbe3a8c000 ---p 000e6000 08:05 2500491                    /usr/lib/x86_64-linux-gnu/libstdc++.so.6.0.19
7fcbe3a8c000-7fcbe3a94000 r--p 000e5000 08:05 2500491                    /usr/lib/x86_64-linux-gnu/libstdc++.so.6.0.19
7fcbe3a94000-7fcbe3a96000 rw-p 000ed000 08:05 2500491                    /usr/lib/x86_64-linux-gnu/libstdc++.so.6.0.19
7fcbe3a96000-7fcbe3aab000 rw-p 00000000 00:00 0 
7fcbe3aab000-7fcbe45c3000 r-xp 00000000 08:05 2522973                    /usr/lib/jvm/java-7-openjdk-amd64/jre/lib/amd64/server/libjvm.so
7fcbe45c3000-7fcbe47c3000 ---p 00b18000 08:05 2522973                    /usr/lib/jvm/java-7-openjdk-amd64/jre/lib/amd64/server/libjvm.so
7fcbe47c3000-7fcbe485d000 r--p 00b18000 08:05 2522973                    /usr/lib/jvm/java-7-openjdk-amd64/jre/lib/amd64/server/libjvm.so
7fcbe485d000-7fcbe4880000 rw-p 00bb2000 08:05 2522973                    /usr/lib/jvm/java-7-openjdk-amd64/jre/lib/amd64/server/libjvm.so
7fcbe4880000-7fcbe48ae000 rw-p 00000000 00:00 0 
7fcbe48ae000-7fcbe48c6000 r-xp 00000000 08:05 397477                     /lib/x86_64-linux-gnu/libz.so.1.2.8
7fcbe48c6000-7fcbe4ac5000 ---p 00018000 08:05 397477                     /lib/x86_64-linux-gnu/libz.so.1.2.8
7fcbe4ac5000-7fcbe4ac6000 r--p 00017000 08:05 397477                     /lib/x86_64-linux-gnu/libz.so.1.2.8
7fcbe4ac6000-7fcbe4ac7000 rw-p 00018000 08:05 397477                     /lib/x86_64-linux-gnu/libz.so.1.2.8
7fcbe4ac7000-7fcbe4ae0000 r-xp 00000000 08:05 396897                     /lib/x86_64-linux-gnu/libpthread-2.19.so
7fcbe4ae0000-7fcbe4cdf000 ---p 00019000 08:05 396897                     /lib/x86_64-linux-gnu/libpthread-2.19.so
7fcbe4cdf000-7fcbe4ce0000 r--p 00018000 08:05 396897                     /lib/x86_64-linux-gnu/libpthread-2.19.so
7fcbe4ce0000-7fcbe4ce1000 rw-p 00019000 08:05 396897                     /lib/x86_64-linux-gnu/libpthread-2.19.so
7fcbe4ce1000-7fcbe4ce5000 rw-p 00000000 00:00 0 
7fcbe4ce5000-7fcbe4ce8000 r-xp 00000000 08:05 396855                     /lib/x86_64-linux-gnu/libdl-2.19.so
7fcbe4ce8000-7fcbe4ee7000 ---p 00003000 08:05 396855                     /lib/x86_64-linux-gnu/libdl-2.19.so
7fcbe4ee7000-7fcbe4ee8000 r--p 00002000 08:05 396855                     /lib/x86_64-linux-gnu/libdl-2.19.so
7fcbe4ee8000-7fcbe4ee9000 rw-p 00003000 08:05 396855                     /lib/x86_64-linux-gnu/libdl-2.19.so
7fcbe4ee9000-7fcbe50a4000 r-xp 00000000 08:05 396889                     /lib/x86_64-linux-gnu/libc-2.19.so
7fcbe50a4000-7fcbe52a3000 ---p 001bb000 08:05 396889                     /lib/x86_64-linux-gnu/libc-2.19.so
7fcbe52a3000-7fcbe52a7000 r--p 001ba000 08:05 396889                     /lib/x86_64-linux-gnu/libc-2.19.so
7fcbe52a7000-7fcbe52a9000 rw-p 001be000 08:05 396889                     /lib/x86_64-linux-gnu/libc-2.19.so
7fcbe52a9000-7fcbe52ae000 rw-p 00000000 00:00 0 
7fcbe52ae000-7fcbe52bb000 r-xp 00000000 08:05 2522488                    /usr/lib/jvm/java-7-openjdk-amd64/jre/lib/amd64/jli/libjli.so
7fcbe52bb000-7fcbe54ba000 ---p 0000d000 08:05 2522488                    /usr/lib/jvm/java-7-openjdk-amd64/jre/lib/amd64/jli/libjli.so
7fcbe54ba000-7fcbe54bb000 r--p 0000c000 08:05 2522488                    /usr/lib/jvm/java-7-openjdk-amd64/jre/lib/amd64/jli/libjli.so
7fcbe54bb000-7fcbe54bc000 rw-p 0000d000 08:05 2522488                    /usr/lib/jvm/java-7-openjdk-amd64/jre/lib/amd64/jli/libjli.so
7fcbe54bc000-7fcbe54df000 r-xp 00000000 08:05 396883                     /lib/x86_64-linux-gnu/ld-2.19.so
7fcbe54e0000-7fcbe54e1000 rw-p 00000000 00:00 0 
7fcbe54e1000-7fcbe54e2000 r--s 00002000 08:05 2521196                    /usr/lib/jvm/java-7-openjdk-amd64/jre/lib/ext/dnsns.jar
7fcbe54e2000-7fcbe54e4000 r--s 00012000 08:05 2521195                    /usr/lib/jvm/java-7-openjdk-amd64/jre/lib/ext/zipfs.jar
7fcbe54e4000-7fcbe54e7000 r--s 00086000 08:05 2521197                    /usr/lib/jvm/java-7-openjdk-amd64/jre/lib/ext/localedata.jar
7fcbe54e7000-7fcbe54e9000 r--s 00006000 08:05 2764185                    /usr/share/java/java-atk-wrapper.jar
7fcbe54e9000-7fcbe54ed000 r--s 00034000 08:05 2521194                    /usr/lib/jvm/java-7-openjdk-amd64/jre/lib/ext/sunjce_provider.jar
7fcbe54ed000-7fcbe54f0000 r--s 0000f000 08:05 2521192                    /usr/lib/jvm/java-7-openjdk-amd64/jre/lib/ext/icedtea-sound.jar
7fcbe54f0000-7fcbe54fb000 rw-p 00000000 00:00 0 
7fcbe54fb000-7fcbe55b0000 rw-p 00000000 00:00 0 
7fcbe55b0000-7fcbe55b3000 ---p 00000000 00:00 0 
7fcbe55b3000-7fcbe56b6000 rw-p 00000000 00:00 0                          [stack:10141]
7fcbe56b6000-7fcbe56ba000 r--s 0003c000 08:05 2521193                    /usr/lib/jvm/java-7-openjdk-amd64/jre/lib/ext/sunpkcs11.jar
7fcbe56ba000-7fcbe56d2000 rw-p 00000000 00:00 0 
7fcbe56d2000-7fcbe56da000 rw-s 00000000 08:05 2367082                    /tmp/hsperfdata_pc/10135
7fcbe56da000-7fcbe56db000 rw-p 00000000 00:00 0 
7fcbe56db000-7fcbe56dc000 ---p 00000000 00:00 0 
7fcbe56dc000-7fcbe56de000 rw-p 00000000 00:00 0 
7fcbe56de000-7fcbe56df000 r--p 00022000 08:05 396883                     /lib/x86_64-linux-gnu/ld-2.19.so
7fcbe56df000-7fcbe56e0000 rw-p 00023000 08:05 396883                     /lib/x86_64-linux-gnu/ld-2.19.so
7fcbe56e0000-7fcbe56e1000 rw-p 00000000 00:00 0 
7fffa0a79000-7fffa0a9a000 rw-p 00000000 00:00 0                          [stack]
7fffa0a9e000-7fffa0aa0000 r-xp 00000000 00:00 0                          [vdso]
ffffffffff600000-ffffffffff601000 r-xp 00000000 00:00 0                  [vsyscall]

VM Arguments:
jvm_args: -Xmx1024M -Dfile.encoding=UTF-8 -Duser.country=TR -Duser.language=tr -Duser.variant 
java_command: com.android.dx.command.Main --dex --output /home/pc/AndroidStudioProjects/ViVideoDownloader/app/build/intermediates/dex/release /home/pc/AndroidStudioProjects/ViVideoDownloader/app/build/intermediates/classes-proguard/release/classes.jar
Launcher Type: SUN_STANDARD

Environment Variables:
CLASSPATH=/opt/android-studio/bin/../lib/bootstrap.jar:/opt/android-studio/bin/../lib/extensions.jar:/opt/android-studio/bin/../lib/util.jar:/opt/android-studio/bin/../lib/jdom.jar:/opt/android-studio/bin/../lib/log4j.jar:/opt/android-studio/bin/../lib/trove4j.jar:/opt/android-studio/bin/../lib/jna.jar:/usr/lib/jvm/java-7-openjdk-amd64/lib/tools.jar
PATH=/usr/local/sbin:/usr/local/bin:/usr/sbin:/usr/bin:/sbin:/bin:/usr/games:/usr/local/games
LD_LIBRARY_PATH=/opt/android-studio/bin:
SHELL=/bin/bash
DISPLAY=:0

Signal Handlers:
SIGSEGV: [libjvm.so+0x94b4b0], sa_mask[0]=0x7ffbfeff, sa_flags=0x10000004
SIGBUS: [libjvm.so+0x94b4b0], sa_mask[0]=0x7ffbfeff, sa_flags=0x10000004
SIGFPE: [libjvm.so+0x7c3390], sa_mask[0]=0x7ffbfeff, sa_flags=0x10000004
SIGPIPE: [libjvm.so+0x7c3390], sa_mask[0]=0x7ffbfeff, sa_flags=0x10000004
SIGXFSZ: [libjvm.so+0x7c3390], sa_mask[0]=0x7ffbfeff, sa_flags=0x10000004
SIGILL: [libjvm.so+0x7c3390], sa_mask[0]=0x7ffbfeff, sa_flags=0x10000004
SIGUSR1: SIG_DFL, sa_mask[0]=0x00000000, sa_flags=0x00000000
SIGUSR2: [libjvm.so+0x7c3230], sa_mask[0]=0x00000004, sa_flags=0x10000004
SIGHUP: [libjvm.so+0x7c3410], sa_mask[0]=0x7ffbfeff, sa_flags=0x10000004
SIGINT: [libjvm.so+0x7c3410], sa_mask[0]=0x7ffbfeff, sa_flags=0x10000004
SIGTERM: [libjvm.so+0x7c3410], sa_mask[0]=0x7ffbfeff, sa_flags=0x10000004
SIGQUIT: [libjvm.so+0x7c3410], sa_mask[0]=0x7ffbfeff, sa_flags=0x10000004
SIGTRAP: SIG_DFL, sa_mask[0]=0x00000000, sa_flags=0x00000000


---------------  S Y S T E M  ---------------

OS:Ubuntu 14.04 (trusty)
uname:Linux 3.13.0-46-generic #76-Ubuntu SMP Thu Feb 26 18:52:13 UTC 2015 x86_64
libc:glibc 2.19 NPTL 2.19 
rlimit: STACK 8192k, CORE 0k, NPROC 62738, NOFILE 4096, AS infinity
load average:4,92 2,78 1,87

/proc/meminfo:
MemTotal:        8059916 kB
MemFree:          136092 kB
Buffers:             780 kB
Cached:           476988 kB
SwapCached:            0 kB
Active:          6752652 kB
Inactive:         458444 kB
Active(anon):    6736616 kB
Inactive(anon):   430052 kB
Active(file):      16036 kB
Inactive(file):    28392 kB
Unevictable:          64 kB
Mlocked:              64 kB
SwapTotal:             0 kB
SwapFree:              0 kB
Dirty:              1412 kB
Writeback:             0 kB
AnonPages:       6733660 kB
Mapped:           695924 kB
Shmem:            433072 kB
Slab:             109808 kB
SReclaimable:      54284 kB
SUnreclaim:        55524 kB
KernelStack:        8072 kB
PageTables:        90100 kB
NFS_Unstable:          0 kB
Bounce:                0 kB
WritebackTmp:          0 kB
CommitLimit:     4029956 kB
Committed_AS:   13917372 kB
VmallocTotal:   34359738367 kB
VmallocUsed:      356632 kB
VmallocChunk:   34359375856 kB
HardwareCorrupted:     0 kB
AnonHugePages:   2746368 kB
HugePages_Total:       0
HugePages_Free:        0
HugePages_Rsvd:        0
HugePages_Surp:        0
Hugepagesize:       2048 kB
DirectMap4k:      102268 kB
DirectMap2M:     8169472 kB


CPU:total 4 (2 cores per cpu, 2 threads per core) family 6 model 58 stepping 9, cmov, cx8, fxsr, mmx, sse, sse2, sse3, ssse3, sse4.1, sse4.2, popcnt, avx, aes, erms, ht, tsc, tscinvbit, tscinv

/proc/cpuinfo:
processor	: 0
vendor_id	: GenuineIntel
cpu family	: 6
model		: 58
model name	: Intel(R) Core(TM) i5-3230M CPU @ 2.60GHz
stepping	: 9
microcode	: 0x15
cpu MHz		: 2601.000
cache size	: 3072 KB
physical id	: 0
siblings	: 4
core id		: 0
cpu cores	: 2
apicid		: 0
initial apicid	: 0
fpu		: yes
fpu_exception	: yes
cpuid level	: 13
wp		: yes
flags		: fpu vme de pse tsc msr pae mce cx8 apic sep mtrr pge mca cmov pat pse36 clflush dts acpi mmx fxsr sse sse2 ss ht tm pbe syscall nx rdtscp lm constant_tsc arch_perfmon pebs bts rep_good nopl xtopology nonstop_tsc aperfmperf eagerfpu pni pclmulqdq dtes64 monitor ds_cpl vmx est tm2 ssse3 cx16 xtpr pdcm pcid sse4_1 sse4_2 x2apic popcnt tsc_deadline_timer aes xsave avx f16c rdrand lahf_lm ida arat epb xsaveopt pln pts dtherm tpr_shadow vnmi flexpriority ept vpid fsgsbase smep erms
bogomips	: 5188.44
clflush size	: 64
cache_alignment	: 64
address sizes	: 36 bits physical, 48 bits virtual
power management:

processor	: 1
vendor_id	: GenuineIntel
cpu family	: 6
model		: 58
model name	: Intel(R) Core(TM) i5-3230M CPU @ 2.60GHz
stepping	: 9
microcode	: 0x15
cpu MHz		: 2601.000
cache size	: 3072 KB
physical id	: 0
siblings	: 4
core id		: 1
cpu cores	: 2
apicid		: 2
initial apicid	: 2
fpu		: yes
fpu_exception	: yes
cpuid level	: 13
wp		: yes
flags		: fpu vme de pse tsc msr pae mce cx8 apic sep mtrr pge mca cmov pat pse36 clflush dts acpi mmx fxsr sse sse2 ss ht tm pbe syscall nx rdtscp lm constant_tsc arch_perfmon pebs bts rep_good nopl xtopology nonstop_tsc aperfmperf eagerfpu pni pclmulqdq dtes64 monitor ds_cpl vmx est tm2 ssse3 cx16 xtpr pdcm pcid sse4_1 sse4_2 x2apic popcnt tsc_deadline_timer aes xsave avx f16c rdrand lahf_lm ida arat epb xsaveopt pln pts dtherm tpr_shadow vnmi flexpriority ept vpid fsgsbase smep erms
bogomips	: 5188.44
clflush size	: 64
cache_alignment	: 64
address sizes	: 36 bits physical, 48 bits virtual
power management:

processor	: 2
vendor_id	: GenuineIntel
cpu family	: 6
model		: 58
model name	: Intel(R) Core(TM) i5-3230M CPU @ 2.60GHz
stepping	: 9
microcode	: 0x15
cpu MHz		: 2200.000
cache size	: 3072 KB
physical id	: 0
siblings	: 4
core id		: 0
cpu cores	: 2
apicid		: 1
initial apicid	: 1
fpu		: yes
fpu_exception	: yes
cpuid level	: 13
wp		: yes
flags		: fpu vme de pse tsc msr pae mce cx8 apic sep mtrr pge mca cmov pat pse36 clflush dts acpi mmx fxsr sse sse2 ss ht tm pbe syscall nx rdtscp lm constant_tsc arch_perfmon pebs bts rep_good nopl xtopology nonstop_tsc aperfmperf eagerfpu pni pclmulqdq dtes64 monitor ds_cpl vmx est tm2 ssse3 cx16 xtpr pdcm pcid sse4_1 sse4_2 x2apic popcnt tsc_deadline_timer aes xsave avx f16c rdrand lahf_lm ida arat epb xsaveopt pln pts dtherm tpr_shadow vnmi flexpriority ept vpid fsgsbase smep erms
bogomips	: 5188.44
clflush size	: 64
cache_alignment	: 64
address sizes	: 36 bits physical, 48 bits virtual
power management:

processor	: 3
vendor_id	: GenuineIntel
cpu family	: 6
model		: 58
model name	: Intel(R) Core(TM) i5-3230M CPU @ 2.60GHz
stepping	: 9
microcode	: 0x15
cpu MHz		: 2601.000
cache size	: 3072 KB
physical id	: 0
siblings	: 4
core id		: 1
cpu cores	: 2
apicid		: 3
initial apicid	: 3
fpu		: yes
fpu_exception	: yes
cpuid level	: 13
wp		: yes
flags		: fpu vme de pse tsc msr pae mce cx8 apic sep mtrr pge mca cmov pat pse36 clflush dts acpi mmx fxsr sse sse2 ss ht tm pbe syscall nx rdtscp lm constant_tsc arch_perfmon pebs bts rep_good nopl xtopology nonstop_tsc aperfmperf eagerfpu pni pclmulqdq dtes64 monitor ds_cpl vmx est tm2 ssse3 cx16 xtpr pdcm pcid sse4_1 sse4_2 x2apic popcnt tsc_deadline_timer aes xsave avx f16c rdrand lahf_lm ida arat epb xsaveopt pln pts dtherm tpr_shadow vnmi flexpriority ept vpid fsgsbase smep erms
bogomips	: 5188.44
clflush size	: 64
cache_alignment	: 64
address sizes	: 36 bits physical, 48 bits virtual
power management:



Memory: 4k page, physical 8059916k(136092k free), swap 0k(0k free)

vm_info: OpenJDK 64-Bit Server VM (24.75-b04) for linux-amd64 JRE (1.7.0_75-b13), built on Jan 27 2015 00:38:59 by "buildd" with gcc 4.8.2

time: Wed Mar 25 18:19:31 2015
elapsed time: 14 seconds

